-------------------------------------------------------------------------------
Test set: estevezcristian.todowithspring.TodowithspringApplicationTests
-------------------------------------------------------------------------------
Tests run: 1, Failures: 0, Errors: 1, Skipped: 0, Time elapsed: 1.227 s <<< FAILURE! - in estevezcristian.todowithspring.TodowithspringApplicationTests
contextLoads  Time elapsed: 0.001 s  <<< ERROR!
java.lang.IllegalStateException: Failed to load ApplicationContext
Caused by: org.springframework.beans.factory.UnsatisfiedDependencyException: Error creating bean with name 'dataSourceScriptDatabaseInitializer' defined in class path resource [org/springframework/boot/autoconfigure/sql/init/DataSourceInitializationConfiguration.class]: Unsatisfied dependency expressed through method 'dataSourceScriptDatabaseInitializer' parameter 0; nested exception is org.springframework.beans.factory.BeanCreationException: Error creating bean with name 'dataSource' defined in class path resource [estevezcristian/todowithspring/DatabaseConfig.class]: Bean instantiation via factory method failed; nested exception is org.springframework.beans.BeanInstantiationException: Failed to instantiate [javax.sql.DataSource]: Factory method 'dataSource' threw exception; nested exception is java.lang.RuntimeException: Failed to get driver instance for jdbcUrl=postgres://denpjhhffymzbv:17314fa15f52fc30a86420f752bf73a93cff46376679a83ebeeb5efb27edd706@ec2-35-174-35-242.compute-1.amazonaws.com:5432/d38p0h2qul5kpu
Caused by: org.springframework.beans.factory.BeanCreationException: Error creating bean with name 'dataSource' defined in class path resource [estevezcristian/todowithspring/DatabaseConfig.class]: Bean instantiation via factory method failed; nested exception is org.springframework.beans.BeanInstantiationException: Failed to instantiate [javax.sql.DataSource]: Factory method 'dataSource' threw exception; nested exception is java.lang.RuntimeException: Failed to get driver instance for jdbcUrl=postgres://denpjhhffymzbv:17314fa15f52fc30a86420f752bf73a93cff46376679a83ebeeb5efb27edd706@ec2-35-174-35-242.compute-1.amazonaws.com:5432/d38p0h2qul5kpu
Caused by: org.springframework.beans.BeanInstantiationException: Failed to instantiate [javax.sql.DataSource]: Factory method 'dataSource' threw exception; nested exception is java.lang.RuntimeException: Failed to get driver instance for jdbcUrl=postgres://denpjhhffymzbv:17314fa15f52fc30a86420f752bf73a93cff46376679a83ebeeb5efb27edd706@ec2-35-174-35-242.compute-1.amazonaws.com:5432/d38p0h2qul5kpu
Caused by: java.lang.RuntimeException: Failed to get driver instance for jdbcUrl=postgres://denpjhhffymzbv:17314fa15f52fc30a86420f752bf73a93cff46376679a83ebeeb5efb27edd706@ec2-35-174-35-242.compute-1.amazonaws.com:5432/d38p0h2qul5kpu
Caused by: java.sql.SQLException: No suitable driver

